[2020-07-12 20:00:09] main.c:113 : connfd=6
[2020-07-12 20:00:09] web.c:540 : doit no content
[2020-07-12 20:00:09] main.c:113 : connfd=6
[2020-07-12 20:00:09] web.c:540 : doit no content
[2020-07-12 20:00:09] main.c:113 : connfd=6
[2020-07-12 20:00:09] web.c:545 : GET / HTTP/1.1
Host: 139.196.148.84:4343
Connection: keep-alive
DNT: 1
Upgrade-Insecure-Requests: 1
User-Agent: Mozilla/5.0 (Macintosh; Intel Mac OS X 10_15_5) AppleWebKit/537.36 (KHTML, like Gecko) Chrome/83.0.4103.116 Safari/537.36
Accept: text/html,application/xhtml+xml,application/xml;q=0.9,image/webp,image/apng,*/*;q=0.8,application/signed-exchange;v=b3;q=0.9
Sec-Fetch-Site: none
Sec-Fetch-Mode: navigate
Sec-Fetch-User: ?1
Sec-Fetch-Dest: document
Accept-Encoding: gzip, deflate, br
Accept-Language: zh-CN,zh;q=0.9


[2020-07-12 20:00:09] web.c:175 : HTTP/1.0 200 OK
Server: Tiny Web Server
Content-length: 3729
Content-type: text/html


[2020-07-12 20:00:09] main.c:113 : connfd=6
[2020-07-12 20:00:09] web.c:540 : doit no content
[2020-07-12 20:00:09] main.c:113 : connfd=6
[2020-07-12 20:00:10] web.c:540 : doit no content
[2020-07-12 20:00:10] main.c:113 : connfd=6
[2020-07-12 20:00:10] web.c:540 : doit no content
[2020-07-12 20:00:10] main.c:113 : connfd=6
[2020-07-12 20:00:10] web.c:540 : doit no content
[2020-07-12 20:00:10] main.c:113 : connfd=6
[2020-07-12 20:00:10] web.c:540 : doit no content
[2020-07-12 20:00:10] main.c:113 : connfd=6
[2020-07-12 20:00:10] web.c:545 : GET /gcov.css HTTP/1.1
Host: 139.196.148.84:4343
Connection: keep-alive
User-Agent: Mozilla/5.0 (Macintosh; Intel Mac OS X 10_15_5) AppleWebKit/537.36 (KHTML, like Gecko) Chrome/83.0.4103.116 Safari/537.36
DNT: 1
Accept: text/css,*/*;q=0.1
Sec-Fetch-Site: same-origin
Sec-Fetch-Mode: no-cors
Sec-Fetch-Dest: style
Referer: https://139.196.148.84:4343/
Accept-Encoding: gzip, deflate, br
Accept-Language: zh-CN,zh;q=0.9


[2020-07-12 20:00:10] web.c:175 : HTTP/1.0 200 OK
Server: Tiny Web Server
Content-length: 9893
Content-type: text/plain


[2020-07-12 20:00:10] main.c:113 : connfd=6
[2020-07-12 20:00:10] web.c:545 : GET /glass.png HTTP/1.1
Host: 139.196.148.84:4343
Connection: keep-alive
User-Agent: Mozilla/5.0 (Macintosh; Intel Mac OS X 10_15_5) AppleWebKit/537.36 (KHTML, like Gecko) Chrome/83.0.4103.116 Safari/537.36
DNT: 1
Accept: image/webp,image/apng,image/*,*/*;q=0.8
Sec-Fetch-Site: same-origin
Sec-Fetch-Mode: no-cors
Sec-Fetch-Dest: image
Referer: https://139.196.148.84:4343/
Accept-Encoding: gzip, deflate, br
Accept-Language: zh-CN,zh;q=0.9


[2020-07-12 20:00:10] web.c:175 : HTTP/1.0 200 OK
Server: Tiny Web Server
Content-length: 167
Content-type: text/plain


[2020-07-12 20:00:10] main.c:113 : connfd=6
[2020-07-12 20:00:10] web.c:545 : GET /updown.png HTTP/1.1
Host: 139.196.148.84:4343
Connection: keep-alive
User-Agent: Mozilla/5.0 (Macintosh; Intel Mac OS X 10_15_5) AppleWebKit/537.36 (KHTML, like Gecko) Chrome/83.0.4103.116 Safari/537.36
DNT: 1
Accept: image/webp,image/apng,image/*,*/*;q=0.8
Sec-Fetch-Site: same-origin
Sec-Fetch-Mode: no-cors
Sec-Fetch-Dest: image
Referer: https://139.196.148.84:4343/
Accept-Encoding: gzip, deflate, br
Accept-Language: zh-CN,zh;q=0.9


[2020-07-12 20:00:10] web.c:175 : HTTP/1.0 200 OK
Server: Tiny Web Server
Content-length: 117
Content-type: text/plain


[2020-07-12 20:00:10] main.c:113 : connfd=6
[2020-07-12 20:00:10] web.c:545 : GET /ruby.png HTTP/1.1
Host: 139.196.148.84:4343
Connection: keep-alive
User-Agent: Mozilla/5.0 (Macintosh; Intel Mac OS X 10_15_5) AppleWebKit/537.36 (KHTML, like Gecko) Chrome/83.0.4103.116 Safari/537.36
DNT: 1
Accept: image/webp,image/apng,image/*,*/*;q=0.8
Sec-Fetch-Site: same-origin
Sec-Fetch-Mode: no-cors
Sec-Fetch-Dest: image
Referer: https://139.196.148.84:4343/
Accept-Encoding: gzip, deflate, br
Accept-Language: zh-CN,zh;q=0.9


[2020-07-12 20:00:10] web.c:175 : HTTP/1.0 200 OK
Server: Tiny Web Server
Content-length: 141
Content-type: text/plain


[2020-07-12 20:00:10] main.c:113 : connfd=6
[2020-07-12 20:00:10] web.c:545 : GET /snow.png HTTP/1.1
Host: 139.196.148.84:4343
Connection: keep-alive
User-Agent: Mozilla/5.0 (Macintosh; Intel Mac OS X 10_15_5) AppleWebKit/537.36 (KHTML, like Gecko) Chrome/83.0.4103.116 Safari/537.36
DNT: 1
Accept: image/webp,image/apng,image/*,*/*;q=0.8
Sec-Fetch-Site: same-origin
Sec-Fetch-Mode: no-cors
Sec-Fetch-Dest: image
Referer: https://139.196.148.84:4343/
Accept-Encoding: gzip, deflate, br
Accept-Language: zh-CN,zh;q=0.9


[2020-07-12 20:00:10] web.c:175 : HTTP/1.0 200 OK
Server: Tiny Web Server
Content-length: 141
Content-type: text/plain


[2020-07-12 20:00:12] main.c:113 : connfd=6
[2020-07-12 20:00:12] web.c:540 : doit no content
[2020-07-12 20:00:12] main.c:113 : connfd=6
[2020-07-12 20:00:12] web.c:540 : doit no content
[2020-07-12 20:00:12] main.c:113 : connfd=6
[2020-07-12 20:00:12] web.c:545 : GET /webserver/index.html HTTP/1.1
Host: 139.196.148.84:4343
Connection: keep-alive
Upgrade-Insecure-Requests: 1
DNT: 1
User-Agent: Mozilla/5.0 (Macintosh; Intel Mac OS X 10_15_5) AppleWebKit/537.36 (KHTML, like Gecko) Chrome/83.0.4103.116 Safari/537.36
Accept: text/html,application/xhtml+xml,application/xml;q=0.9,image/webp,image/apng,*/*;q=0.8,application/signed-exchange;v=b3;q=0.9
Sec-Fetch-Site: same-origin
Sec-Fetch-Mode: navigate
Sec-Fetch-User: ?1
Sec-Fetch-Dest: document
Referer: https://139.196.148.84:4343/
Accept-Encoding: gzip, deflate, br
Accept-Language: zh-CN,zh;q=0.9


[2020-07-12 20:00:12] web.c:175 : HTTP/1.0 200 OK
Server: Tiny Web Server
Content-length: 5312
Content-type: text/html


[2020-07-12 20:00:12] main.c:113 : connfd=6
[2020-07-12 20:00:12] web.c:540 : doit no content
[2020-07-12 20:00:12] main.c:113 : connfd=6
[2020-07-12 20:00:12] web.c:540 : doit no content
[2020-07-12 20:00:12] main.c:113 : connfd=6
[2020-07-12 20:00:12] web.c:540 : doit no content
[2020-07-12 20:00:12] main.c:113 : connfd=6
[2020-07-12 20:00:12] web.c:540 : doit no content
[2020-07-12 20:00:12] main.c:113 : connfd=6
[2020-07-12 20:00:12] web.c:540 : doit no content
[2020-07-12 20:00:12] main.c:113 : connfd=6
[2020-07-12 20:00:12] web.c:540 : doit no content
[2020-07-12 20:00:12] main.c:113 : connfd=6
[2020-07-12 20:00:13] web.c:545 : GET /gcov.css HTTP/1.1
Host: 139.196.148.84:4343
Connection: keep-alive
User-Agent: Mozilla/5.0 (Macintosh; Intel Mac OS X 10_15_5) AppleWebKit/537.36 (KHTML, like Gecko) Chrome/83.0.4103.116 Safari/537.36
DNT: 1
Accept: text/css,*/*;q=0.1
Sec-Fetch-Site: same-origin
Sec-Fetch-Mode: no-cors
Sec-Fetch-Dest: style
Referer: https://139.196.148.84:4343/webserver/index.html
Accept-Encoding: gzip, deflate, br
Accept-Language: zh-CN,zh;q=0.9


[2020-07-12 20:00:13] web.c:175 : HTTP/1.0 200 OK
Server: Tiny Web Server
Content-length: 9893
Content-type: text/plain


[2020-07-12 20:00:13] main.c:113 : connfd=6
[2020-07-12 20:00:13] web.c:545 : GET /glass.png HTTP/1.1
Host: 139.196.148.84:4343
Connection: keep-alive
User-Agent: Mozilla/5.0 (Macintosh; Intel Mac OS X 10_15_5) AppleWebKit/537.36 (KHTML, like Gecko) Chrome/83.0.4103.116 Safari/537.36
DNT: 1
Accept: image/webp,image/apng,image/*,*/*;q=0.8
Sec-Fetch-Site: same-origin
Sec-Fetch-Mode: no-cors
Sec-Fetch-Dest: image
Referer: https://139.196.148.84:4343/webserver/index.html
Accept-Encoding: gzip, deflate, br
Accept-Language: zh-CN,zh;q=0.9


[2020-07-12 20:00:13] web.c:175 : HTTP/1.0 200 OK
Server: Tiny Web Server
Content-length: 167
Content-type: text/plain


[2020-07-12 20:00:13] main.c:113 : connfd=6
[2020-07-12 20:00:13] web.c:545 : GET /updown.png HTTP/1.1
Host: 139.196.148.84:4343
Connection: keep-alive
User-Agent: Mozilla/5.0 (Macintosh; Intel Mac OS X 10_15_5) AppleWebKit/537.36 (KHTML, like Gecko) Chrome/83.0.4103.116 Safari/537.36
DNT: 1
Accept: image/webp,image/apng,image/*,*/*;q=0.8
Sec-Fetch-Site: same-origin
Sec-Fetch-Mode: no-cors
Sec-Fetch-Dest: image
Referer: https://139.196.148.84:4343/webserver/index.html
Accept-Encoding: gzip, deflate, br
Accept-Language: zh-CN,zh;q=0.9


[2020-07-12 20:00:13] web.c:175 : HTTP/1.0 200 OK
Server: Tiny Web Server
Content-length: 117
Content-type: text/plain


[2020-07-12 20:00:13] main.c:113 : connfd=6
[2020-07-12 20:00:13] web.c:545 : GET /ruby.png HTTP/1.1
Host: 139.196.148.84:4343
Connection: keep-alive
User-Agent: Mozilla/5.0 (Macintosh; Intel Mac OS X 10_15_5) AppleWebKit/537.36 (KHTML, like Gecko) Chrome/83.0.4103.116 Safari/537.36
DNT: 1
Accept: image/webp,image/apng,image/*,*/*;q=0.8
Sec-Fetch-Site: same-origin
Sec-Fetch-Mode: no-cors
Sec-Fetch-Dest: image
Referer: https://139.196.148.84:4343/webserver/index.html
Accept-Encoding: gzip, deflate, br
Accept-Language: zh-CN,zh;q=0.9


[2020-07-12 20:00:13] web.c:175 : HTTP/1.0 200 OK
Server: Tiny Web Server
Content-length: 141
Content-type: text/plain


[2020-07-12 20:00:13] main.c:113 : connfd=6
[2020-07-12 20:00:13] web.c:545 : GET /snow.png HTTP/1.1
Host: 139.196.148.84:4343
Connection: keep-alive
User-Agent: Mozilla/5.0 (Macintosh; Intel Mac OS X 10_15_5) AppleWebKit/537.36 (KHTML, like Gecko) Chrome/83.0.4103.116 Safari/537.36
DNT: 1
Accept: image/webp,image/apng,image/*,*/*;q=0.8
Sec-Fetch-Site: same-origin
Sec-Fetch-Mode: no-cors
Sec-Fetch-Dest: image
Referer: https://139.196.148.84:4343/webserver/index.html
Accept-Encoding: gzip, deflate, br
Accept-Language: zh-CN,zh;q=0.9


[2020-07-12 20:00:13] web.c:175 : HTTP/1.0 200 OK
Server: Tiny Web Server
Content-length: 141
Content-type: text/plain


[2020-07-12 20:00:13] main.c:113 : connfd=6
[2020-07-12 20:00:13] web.c:545 : GET /emerald.png HTTP/1.1
Host: 139.196.148.84:4343
Connection: keep-alive
User-Agent: Mozilla/5.0 (Macintosh; Intel Mac OS X 10_15_5) AppleWebKit/537.36 (KHTML, like Gecko) Chrome/83.0.4103.116 Safari/537.36
DNT: 1
Accept: image/webp,image/apng,image/*,*/*;q=0.8
Sec-Fetch-Site: same-origin
Sec-Fetch-Mode: no-cors
Sec-Fetch-Dest: image
Referer: https://139.196.148.84:4343/webserver/index.html
Accept-Encoding: gzip, deflate, br
Accept-Language: zh-CN,zh;q=0.9


[2020-07-12 20:00:13] web.c:175 : HTTP/1.0 200 OK
Server: Tiny Web Server
Content-length: 141
Content-type: text/plain


[2020-07-12 20:00:15] main.c:113 : connfd=6
[2020-07-12 20:00:15] web.c:540 : doit no content
[2020-07-12 20:00:15] main.c:113 : connfd=6
[2020-07-12 20:00:15] web.c:540 : doit no content
[2020-07-12 20:00:15] main.c:113 : connfd=6
[2020-07-12 20:00:15] web.c:545 : GET /webserver/csapp.c.gcov.html HTTP/1.1
Host: 139.196.148.84:4343
Connection: keep-alive
Upgrade-Insecure-Requests: 1
DNT: 1
User-Agent: Mozilla/5.0 (Macintosh; Intel Mac OS X 10_15_5) AppleWebKit/537.36 (KHTML, like Gecko) Chrome/83.0.4103.116 Safari/537.36
Accept: text/html,application/xhtml+xml,application/xml;q=0.9,image/webp,image/apng,*/*;q=0.8,application/signed-exchange;v=b3;q=0.9
Sec-Fetch-Site: same-origin
Sec-Fetch-Mode: navigate
Sec-Fetch-User: ?1
Sec-Fetch-Dest: document
Referer: https://139.196.148.84:4343/webserver/index.html
Accept-Encoding: gzip, deflate, br
Accept-Language: zh-CN,zh;q=0.9


[2020-07-12 20:00:15] web.c:175 : HTTP/1.0 200 OK
Server: Tiny Web Server
Content-length: 90216
Content-type: text/html


[2020-07-12 20:00:15] main.c:113 : connfd=6
[2020-07-12 20:00:15] web.c:540 : doit no content
[2020-07-12 20:00:15] main.c:113 : connfd=6
[2020-07-12 20:00:15] web.c:540 : doit no content
[2020-07-12 20:00:15] main.c:113 : connfd=6
[2020-07-12 20:00:15] web.c:545 : GET /gcov.css HTTP/1.1
Host: 139.196.148.84:4343
Connection: keep-alive
User-Agent: Mozilla/5.0 (Macintosh; Intel Mac OS X 10_15_5) AppleWebKit/537.36 (KHTML, like Gecko) Chrome/83.0.4103.116 Safari/537.36
DNT: 1
Accept: text/css,*/*;q=0.1
Sec-Fetch-Site: same-origin
Sec-Fetch-Mode: no-cors
Sec-Fetch-Dest: style
Referer: https://139.196.148.84:4343/webserver/csapp.c.gcov.html
Accept-Encoding: gzip, deflate, br
Accept-Language: zh-CN,zh;q=0.9


[2020-07-12 20:00:15] web.c:175 : HTTP/1.0 200 OK
Server: Tiny Web Server
Content-length: 9893
Content-type: text/plain


[2020-07-12 20:00:15] main.c:113 : connfd=6
[2020-07-12 20:00:15] web.c:545 : GET /glass.png HTTP/1.1
Host: 139.196.148.84:4343
Connection: keep-alive
User-Agent: Mozilla/5.0 (Macintosh; Intel Mac OS X 10_15_5) AppleWebKit/537.36 (KHTML, like Gecko) Chrome/83.0.4103.116 Safari/537.36
DNT: 1
Accept: image/webp,image/apng,image/*,*/*;q=0.8
Sec-Fetch-Site: same-origin
Sec-Fetch-Mode: no-cors
Sec-Fetch-Dest: image
Referer: https://139.196.148.84:4343/webserver/csapp.c.gcov.html
Accept-Encoding: gzip, deflate, br
Accept-Language: zh-CN,zh;q=0.9


[2020-07-12 20:00:15] web.c:175 : HTTP/1.0 200 OK
Server: Tiny Web Server
Content-length: 167
Content-type: text/plain


