[2020-05-05 11:17:37] main.c:103 : connfd=6
[2020-05-05 11:17:37] web.c:540 : doit no content
[2020-05-05 11:17:37] main.c:103 : connfd=6
[2020-05-05 11:17:37] web.c:540 : doit no content
[2020-05-05 11:22:28] main.c:103 : connfd=6
[2020-05-05 11:22:28] web.c:540 : doit no content
[2020-05-05 11:22:28] main.c:103 : connfd=6
[2020-05-05 11:22:28] web.c:540 : doit no content
[2020-05-05 11:22:28] main.c:103 : connfd=6
[2020-05-05 11:22:28] web.c:540 : doit no content
[2020-05-05 11:22:28] main.c:103 : connfd=6
[2020-05-05 11:22:28] web.c:540 : doit no content
[2020-05-05 11:22:30] main.c:103 : connfd=6
[2020-05-05 11:22:30] web.c:540 : doit no content
[2020-05-05 11:22:30] main.c:103 : connfd=6
[2020-05-05 11:22:30] web.c:540 : doit no content
[2020-05-05 11:22:30] main.c:103 : connfd=6
[2020-05-05 11:22:30] web.c:545 : GET / HTTP/1.1
Host: 139.196.148.84:4343
Connection: keep-alive
Cache-Control: max-age=0
DNT: 1
Upgrade-Insecure-Requests: 1
User-Agent: Mozilla/5.0 (Macintosh; Intel Mac OS X 10_15_4) AppleWebKit/537.36 (KHTML, like Gecko) Chrome/81.0.4044.129 Safari/537.36
Accept: text/html,application/xhtml+xml,application/xml;q=0.9,image/webp,image/apng,*/*;q=0.8,application/signed-exchange;v=b3;q=0.9
Sec-Fetch-Site: none
Sec-Fetch-Mode: navigate
Sec-Fetch-User: ?1
Sec-Fetch-Dest: document
Accept-Encoding: gzip, deflate, br
Accept-Language: zh-CN,zh;q=0.9


[2020-05-05 11:22:30] web.c:175 : HTTP/1.0 200 OK
Server: Tiny Web Server
Content-length: 591
Content-type: text/html


[2020-05-05 11:22:30] web.c:184 : <html>
<head>
<title>短歌行</title>
</head>
<body>
<div align="center">
<br />
<br />
<br />
<p>对酒当歌，人生几何！</p>
<p>譬如朝露，去日苦多。</p>
<p>慨当以慷，忧思难忘。</p>
<p>何以解忧？唯有杜康。</p>
<p>青青子衿，悠悠我心。</p>
<p>但为君故，沉吟至今。</p>
<p>呦呦鹿鸣，食野之苹。</p>
<p>我有嘉宾，鼓瑟吹笙。</p>
<p>明明如月，何时可掇？</p>
<p>忧从中来，不可断绝。</p>
<p>越陌度阡，枉用相存。</p>
<p>契阔谈，心念旧恩。</p>
<p>月明星稀，乌鹊南飞。</p>
<p>绕树三匝，何枝可依？</p>
<p>山不厌高，海不厌深。</p>
<p>周公吐哺，天下归心。</p>
</div>
</body>
</html>

[2020-05-05 11:22:30] main.c:103 : connfd=6
[2020-05-05 11:22:30] web.c:540 : doit no content
[2020-05-05 11:22:31] main.c:103 : connfd=6
[2020-05-05 11:22:31] web.c:545 : GET /favicon.ico HTTP/1.1
Host: 139.196.148.84:4343
Connection: keep-alive
Pragma: no-cache
Cache-Control: no-cache
User-Agent: Mozilla/5.0 (Macintosh; Intel Mac OS X 10_15_4) AppleWebKit/537.36 (KHTML, like Gecko) Chrome/81.0.4044.129 Safari/537.36
DNT: 1
Accept: image/webp,image/apng,image/*,*/*;q=0.8
Sec-Fetch-Site: same-origin
Sec-Fetch-Mode: no-cors
Sec-Fetch-Dest: empty
Referer: https://139.196.148.84:4343/
Accept-Encoding: gzip, deflate, br
Accept-Language: zh-CN,zh;q=0.9


[2020-05-05 11:36:06] main.c:112 : connfd=6
[2020-05-05 11:36:06] web.c:540 : doit no content
[2020-05-05 11:36:06] main.c:112 : connfd=6
[2020-05-05 11:36:06] web.c:540 : doit no content
[2020-05-05 11:36:06] main.c:112 : connfd=6
[2020-05-05 11:36:06] web.c:545 : GET / HTTP/1.1
Host: 139.196.148.84:4343
Connection: keep-alive
Cache-Control: max-age=0
DNT: 1
Upgrade-Insecure-Requests: 1
User-Agent: Mozilla/5.0 (Macintosh; Intel Mac OS X 10_15_4) AppleWebKit/537.36 (KHTML, like Gecko) Chrome/81.0.4044.129 Safari/537.36
Accept: text/html,application/xhtml+xml,application/xml;q=0.9,image/webp,image/apng,*/*;q=0.8,application/signed-exchange;v=b3;q=0.9
Sec-Fetch-Site: none
Sec-Fetch-Mode: navigate
Sec-Fetch-User: ?1
Sec-Fetch-Dest: document
Accept-Encoding: gzip, deflate, br
Accept-Language: zh-CN,zh;q=0.9


[2020-05-05 11:36:06] web.c:175 : HTTP/1.0 200 OK
Server: Tiny Web Server
Content-length: 591
Content-type: text/html


[2020-05-05 11:36:06] web.c:184 : <html>
<head>
<title>短歌行</title>
</head>
<body>
<div align="center">
<br />
<br />
<br />
<p>对酒当歌，人生几何！</p>
<p>譬如朝露，去日苦多。</p>
<p>慨当以慷，忧思难忘。</p>
<p>何以解忧？唯有杜康。</p>
<p>青青子衿，悠悠我心。</p>
<p>但为君故，沉吟至今。</p>
<p>呦呦鹿鸣，食野之苹。</p>
<p>我有嘉宾，鼓瑟吹笙。</p>
<p>明明如月，何时可掇？</p>
<p>忧从中来，不可断绝。</p>
<p>越陌度阡，枉用相存。</p>
<p>契阔谈，心念旧恩。</p>
<p>月明星稀，乌鹊南飞。</p>
<p>绕树三匝，何枝可依？</p>
<p>山不厌高，海不厌深。</p>
<p>周公吐哺，天下归心。</p>
</div>
</body>
</html>

